<?xml version="1.0" encoding="UTF-8"?>
<testsuite xmlns:xsi="http://www.w3.org/2001/XMLSchema-instance" xsi:noNamespaceSchemaLocation="https://maven.apache.org/surefire/maven-surefire-plugin/xsd/surefire-test-report-3.0.xsd" version="3.0" name="com.lanchonete.EntregaTest$DeliveryTest" time="0.008" tests="4" errors="0" skipped="0" failures="0">
  <properties>
[...]
</properties>
  <testcase name="saidaContemDescricao" classname="com.lanchonete.EntregaTest$DeliveryTest" time="0.002"/>
  <testcase name="deveImprimirTagDelivery" classname="com.lanchonete.EntregaTest$DeliveryTest" time="0.001"/>
  <testcase name="taxaDeEntregaCorreta" classname="com.lanchonete.EntregaTest$DeliveryTest" time="0.0"/>
  <testcase name="saidaContemTotal" classname="com.lanchonete.EntregaTest$DeliveryTest" time="0.0"/>
</testsuite>